app/build/intermediates/manifest_merge_blame_file/debug/manifest-merger-blame-debug-report.txt
1<?xml version="1.0" encoding="utf-8"?>
2<manifest xmlns:android="http://schemas.android.com/apk/res/android"
3    package="com.example.movieapp"
4    android:versionCode="1"
5    android:versionName="1.0" >
6
7    <uses-sdk
8        android:minSdkVersion="19"
8-->src/main/AndroidManifest.xml
9        android:targetSdkVersion="29" />
9-->src/main/AndroidManifest.xml
10
11    <uses-permission android:name="android.permission.INTERNET" />
11-->src/main/AndroidManifest.xml:5:5-67
11-->src/main/AndroidManifest.xml:5:22-64
12
13    <application
13-->src/main/AndroidManifest.xml:7:5-30:19
14        android:allowBackup="true"
14-->src/main/AndroidManifest.xml:8:9-35
15        android:appComponentFactory="androidx.core.app.CoreComponentFactory"
15-->[androidx.core:core:1.0.1] AndroidManifest.xml:22:18-86
16        android:debuggable="true"
17        android:icon="@mipmap/ic_launcher"
17-->src/main/AndroidManifest.xml:9:9-43
18        android:label="@string/app_name"
18-->src/main/AndroidManifest.xml:10:9-41
19        android:roundIcon="@mipmap/ic_launcher_round"
19-->src/main/AndroidManifest.xml:11:9-54
20        android:supportsRtl="true"
20-->src/main/AndroidManifest.xml:12:9-35
21        android:testOnly="true"
22        android:theme="@style/AppTheme" >
22-->src/main/AndroidManifest.xml:13:9-40
23        <activity android:name="com.example.movieapp.activities.FavoriteActivity" />
23-->src/main/AndroidManifest.xml:14:9-74
23-->src/main/AndroidManifest.xml:14:19-62
24        <activity android:name="com.example.movieapp.activities.DetailActivity" />
24-->src/main/AndroidManifest.xml:15:9-63
24-->src/main/AndroidManifest.xml:15:19-60
25        <activity android:name="com.example.movieapp.activities.MainActivity" >
25-->src/main/AndroidManifest.xml:16:9-22:20
25-->src/main/AndroidManifest.xml:16:19-58
26            <intent-filter>
26-->src/main/AndroidManifest.xml:17:13-21:29
27                <action android:name="android.intent.action.MAIN" />
27-->src/main/AndroidManifest.xml:18:17-69
27-->src/main/AndroidManifest.xml:18:25-66
28
29                <category android:name="android.intent.category.LAUNCHER" />
29-->src/main/AndroidManifest.xml:20:17-77
29-->src/main/AndroidManifest.xml:20:27-74
30            </intent-filter>
31        </activity>
32
33        <provider
33-->src/main/AndroidManifest.xml:24:9-26:83
34            android:name="com.example.movieapp.database.FilmProvider"
34-->src/main/AndroidManifest.xml:25:13-50
35            android:authorities="com.example.movieapp.database.ContentProvider" />
35-->src/main/AndroidManifest.xml:26:13-80
36
37        <meta-data
37-->src/main/AndroidManifest.xml:27:9-29:57
38            android:name="preloaded_fonts"
38-->src/main/AndroidManifest.xml:28:13-43
39            android:resource="@array/preloaded_fonts" />
39-->src/main/AndroidManifest.xml:29:13-54
40    </application>
41
42</manifest>